<?xml version="1.0" encoding="UTF-8"?>
<testng-results ignored="0" total="1" passed="1" failed="0" skipped="0">
  <reporter-output>
  </reporter-output>
  <suite started-at="2023-04-23T20:36:47 EDT" name="Default suite" finished-at="2023-04-23T20:48:27 EDT" duration-ms="700236">
    <groups>
    </groups>
    <test started-at="2023-04-23T20:36:47 EDT" name="Default test" finished-at="2023-04-23T20:48:27 EDT" duration-ms="700236">
      <class name="recipeHackathon.HypertensionTraverse">
        <test-method is-config="true" signature="setUp()[pri:0, instance:recipeHackathon.HypertensionTraverse@59309333]" started-at="2023-04-23T20:36:47 EDT" name="setUp" finished-at="2023-04-23T20:36:50 EDT" duration-ms="3031" status="PASS">
          <reporter-output>
          </reporter-output>
        </test-method> <!-- setUp -->
        <test-method signature="LoadRecipesToExcel()[pri:0, instance:recipeHackathon.HypertensionTraverse@59309333]" started-at="2023-04-23T20:36:50 EDT" name="LoadRecipesToExcel" finished-at="2023-04-23T20:48:27 EDT" duration-ms="697169" status="PASS">
          <reporter-output>
          </reporter-output>
        </test-method> <!-- LoadRecipesToExcel -->
      </class> <!-- recipeHackathon.HypertensionTraverse -->
    </test> <!-- Default test -->
  </suite> <!-- Default suite -->
</testng-results>
